<?xml version="1.0" encoding="UTF-8"?>
<testng-results ignored="0" total="1" passed="1" failed="0" skipped="0">
  <reporter-output>
  </reporter-output>
  <suite started-at="2022-04-12T19:41:08 EDT" name="Default suite" finished-at="2022-04-12T19:41:08 EDT" duration-ms="62">
    <groups>
    </groups>
    <test started-at="2022-04-12T19:41:08 EDT" name="Default test" finished-at="2022-04-12T19:41:08 EDT" duration-ms="62">
      <class name="com.qa.test.LogInTest">
        <test-method signature="test1()[pri:0, instance:com.qa.test.LogInTest@49dc7102]" started-at="2022-04-12T19:41:08 EDT" name="test1" finished-at="2022-04-12T19:41:08 EDT" duration-ms="12" status="PASS">
          <reporter-output>
          </reporter-output>
        </test-method> <!-- test1 -->
      </class> <!-- com.qa.test.LogInTest -->
    </test> <!-- Default test -->
  </suite> <!-- Default suite -->
</testng-results>
